2013-05-28 18:39:03 ERROR Principal: 31 - edu.udc.lapii.jdbc.crud.ModelException: Error de acceso a datos
edu.udc.lapii.jdbc.crud.ModelException: Error de acceso a datos
	at edu.udc.lapii.jdbc.crud.Vendedor.insert(Vendedor.java:108)
	at edu.udc.lapii.jdbc.crud.Principal.main(Principal.java:25)
Caused by: org.postgresql.util.PSQLException: ERROR: llave duplicada viola restricción de unicidad «vendedor_pkey»
  Detail: Ya existe la llave (codigo)=(GOL).
	at org.postgresql.core.v3.QueryExecutorImpl.receiveErrorResponse(QueryExecutorImpl.java:2157)
	at org.postgresql.core.v3.QueryExecutorImpl.processResults(QueryExecutorImpl.java:1886)
	at org.postgresql.core.v3.QueryExecutorImpl.execute(QueryExecutorImpl.java:255)
	at org.postgresql.jdbc2.AbstractJdbc2Statement.execute(AbstractJdbc2Statement.java:555)
	at org.postgresql.jdbc2.AbstractJdbc2Statement.executeWithFlags(AbstractJdbc2Statement.java:417)
	at org.postgresql.jdbc2.AbstractJdbc2Statement.executeUpdate(AbstractJdbc2Statement.java:363)
	at edu.udc.lapii.jdbc.crud.Vendedor.insert(Vendedor.java:106)
	... 1 more
2013-05-28 18:46:47 ERROR Principal: 36 - edu.udc.lapii.jdbc.crud.ModelException: Error de acceso a datos
edu.udc.lapii.jdbc.crud.ModelException: Error de acceso a datos
	at edu.udc.lapii.jdbc.crud.Vendedor.insert(Vendedor.java:110)
	at edu.udc.lapii.jdbc.crud.Principal.main(Principal.java:25)
Caused by: org.postgresql.util.PSQLException: ERROR: llave duplicada viola restricción de unicidad «vendedor_pkey»
  Detail: Ya existe la llave (codigo)=(GOL).
	at org.postgresql.core.v3.QueryExecutorImpl.receiveErrorResponse(QueryExecutorImpl.java:2157)
	at org.postgresql.core.v3.QueryExecutorImpl.processResults(QueryExecutorImpl.java:1886)
	at org.postgresql.core.v3.QueryExecutorImpl.execute(QueryExecutorImpl.java:255)
	at org.postgresql.jdbc2.AbstractJdbc2Statement.execute(AbstractJdbc2Statement.java:555)
	at org.postgresql.jdbc2.AbstractJdbc2Statement.executeWithFlags(AbstractJdbc2Statement.java:417)
	at org.postgresql.jdbc2.AbstractJdbc2Statement.executeUpdate(AbstractJdbc2Statement.java:363)
	at edu.udc.lapii.jdbc.crud.Vendedor.insert(Vendedor.java:108)
	... 1 more
2014-06-03 18:13:09 ERROR Principal: 41 - edu.udc.lapii.jdbc.crud.ModelException: Error de acceso a datos
edu.udc.lapii.jdbc.crud.ModelException: Error de acceso a datos
	at edu.udc.lapii.jdbc.crud.Vendedor.insert(Vendedor.java:110)
	at edu.udc.lapii.jdbc.crud.Principal.main(Principal.java:27)
Caused by: org.postgresql.util.PSQLException: ERROR: llave duplicada viola restricción de unicidad «vendedor_pkey»
  Detail: Ya existe la llave (codigo)=(GOL).
	at org.postgresql.core.v3.QueryExecutorImpl.receiveErrorResponse(QueryExecutorImpl.java:2157)
	at org.postgresql.core.v3.QueryExecutorImpl.processResults(QueryExecutorImpl.java:1886)
	at org.postgresql.core.v3.QueryExecutorImpl.execute(QueryExecutorImpl.java:255)
	at org.postgresql.jdbc2.AbstractJdbc2Statement.execute(AbstractJdbc2Statement.java:555)
	at org.postgresql.jdbc2.AbstractJdbc2Statement.executeWithFlags(AbstractJdbc2Statement.java:417)
	at org.postgresql.jdbc2.AbstractJdbc2Statement.executeUpdate(AbstractJdbc2Statement.java:363)
	at edu.udc.lapii.jdbc.crud.Vendedor.insert(Vendedor.java:108)
	... 1 more
